<?xml version="1.0" encoding="UTF-8"?>
<!-- Generated by org.testng.reporters.JUnitReportReporter -->
<testsuite hostname="DESKTOP-EVOAUGI" failures="0" tests="5" name="ui.Testng.DataDrivenTestingInTestNG" time="0.015" errors="0" timestamp="2022-11-04T22:41:57 EDT" skipped="0">
  <testcase classname="ui.Testng.DataDrivenTestingInTestNG" name="Test1usingdata" time="0.007"/>
  <system-out/>
  <testcase classname="ui.Testng.DataDrivenTestingInTestNG" name="Test1usingdata" time="0.003"/>
  <system-out/>
  <testcase classname="ui.Testng.DataDrivenTestingInTestNG" name="Test1usingdata" time="0.002"/>
  <system-out/>
  <testcase classname="ui.Testng.DataDrivenTestingInTestNG" name="Test1usingdata" time="0.001"/>
  <system-out/>
  <testcase classname="ui.Testng.DataDrivenTestingInTestNG" name="Test1usingdata" time="0.002"/>
  <system-out/>
</testsuite> <!-- ui.Testng.DataDrivenTestingInTestNG -->
