<?xml version="1.0" encoding="UTF-8"?>
<!-- Generated by org.testng.reporters.JUnitReportReporter -->
<testsuite hostname="DESKTOP-EVOAUGI" failures="0" tests="3" name="ui.Testng.practices" time="0.011" errors="0" timestamp="2022-11-04T23:51:02 EDT" skipped="0">
  <testcase classname="ui.Testng.practices" name="datatest1" time="0.008"/>
  <system-out/>
  <testcase classname="ui.Testng.practices" name="datatest1" time="0.001"/>
  <system-out/>
  <testcase classname="ui.Testng.practices" name="datatest1" time="0.002"/>
  <system-out/>
</testsuite> <!-- ui.Testng.practices -->
