<?xml version="1.0" encoding="UTF-8"?>
<!-- Generated by org.testng.reporters.JUnitReportReporter -->
<testsuite hostname="DESKTOP-EVOAUGI" failures="0" tests="1" name="ui.VerifyTitleTest" time="15.563" errors="0" timestamp="2022-11-03T00:37:20 EDT" skipped="0">
  <testcase classname="ui.VerifyTitleTest" name="titletest" time="15.563"/>
  <system-out/>
</testsuite> <!-- ui.VerifyTitleTest -->
