<?xml version="1.0" encoding="UTF-8"?>
<!-- Generated by org.testng.reporters.JUnitReportReporter -->
<testsuite hostname="DESKTOP-EVOAUGI" failures="0" tests="5" name="ui.Testng.dataProviderFromExternalClass" time="12.815" errors="0" timestamp="2022-11-06T02:15:30 EST" skipped="0">
  <testcase classname="ui.Testng.dataProviderFromExternalClass" name="websitelaunch" time="0.452"/>
  <system-out/>
  <testcase classname="ui.Testng.dataProviderFromExternalClass" name="websitelaunch" time="5.435"/>
  <system-out/>
  <testcase classname="ui.Testng.dataProviderFromExternalClass" name="websitelaunch" time="6.148"/>
  <system-out/>
  <testcase classname="ui.Testng.dataProviderFromExternalClass" name="websitelaunch" time="0.379"/>
  <system-out/>
  <testcase classname="ui.Testng.dataProviderFromExternalClass" name="websitelaunch" time="0.401"/>
  <system-out/>
</testsuite> <!-- ui.Testng.dataProviderFromExternalClass -->
