<?xml version="1.0" encoding="UTF-8"?>
<!-- Generated by org.testng.reporters.JUnitReportReporter -->
<testsuite hostname="DESKTOP-EVOAUGI" failures="0" tests="4" name="ui.Testng.realexampleofDataProvider" time="55.632" errors="0" timestamp="2022-11-05T01:21:25 EDT" skipped="0">
  <testcase classname="ui.Testng.realexampleofDataProvider" name="logincheck" time="22.814"/>
  <system-out/>
  <testcase classname="ui.Testng.realexampleofDataProvider" name="logincheck" time="14.760"/>
  <system-out/>
  <testcase classname="ui.Testng.realexampleofDataProvider" name="logincheck" time="7.879"/>
  <system-out/>
  <testcase classname="ui.Testng.realexampleofDataProvider" name="logincheck" time="10.179"/>
  <system-out/>
</testsuite> <!-- ui.Testng.realexampleofDataProvider -->
