<?xml version="1.0" encoding="UTF-8"?>
<!-- Generated by org.testng.reporters.JUnitReportReporter -->
<testsuite hostname="DESKTOP-EVOAUGI" failures="0" tests="2" name="ui.LoginTest1" time="0.012" errors="0" timestamp="2022-11-04T03:03:30 EDT" skipped="0">
  <testcase classname="ui.LoginTest1" name="test1" time="0.004"/>
  <system-out/>
  <testcase classname="ui.LoginTest1" name="test2" time="0.008"/>
  <system-out/>
</testsuite> <!-- ui.LoginTest1 -->
