<?xml version="1.0" encoding="UTF-8"?>
<!-- Generated by org.testng.reporters.JUnitReportReporter -->
<testsuite hostname="DESKTOP-EVOAUGI" failures="0" tests="3" name="ui.BeforeSwiteafterSuitePart2" time="0.010" errors="0" timestamp="2022-11-04T07:19:39 EDT" skipped="0">
  <testcase classname="ui.BeforeSwiteafterSuitePart2" name="standby" time="0.006"/>
  <system-out/>
  <testcase classname="ui.BeforeSwiteafterSuitePart2" name="test1" time="0.002"/>
  <system-out/>
  <testcase classname="ui.BeforeSwiteafterSuitePart2" name="test2" time="0.002"/>
  <system-out/>
</testsuite> <!-- ui.BeforeSwiteafterSuitePart2 -->
