<?xml version="1.0" encoding="UTF-8"?>
<!-- Generated by org.testng.reporters.JUnitReportReporter -->
<testsuite hostname="DESKTOP-EVOAUGI" failures="0" tests="2" name="ui.LoginTest1withBeforeAfterMethod" time="0.007" errors="0" timestamp="2022-11-04T05:27:38 EDT" skipped="0">
  <testcase classname="ui.LoginTest1withBeforeAfterMethod" name="test1" time="0.006"/>
  <system-out/>
  <testcase classname="ui.LoginTest1withBeforeAfterMethod" name="test2" time="0.001"/>
  <system-out/>
</testsuite> <!-- ui.LoginTest1withBeforeAfterMethod -->
