<?xml version="1.0" encoding="UTF-8"?>
<!-- Generated by org.testng.reporters.JUnitReportReporter -->
<testsuite hostname="DESKTOP-EVOAUGI" failures="0" tests="3" name="ui.HowToSkipTestInTestNG" time="0.018" errors="0" timestamp="2022-11-04T03:39:18 EDT" skipped="2">
  <testcase classname="ui.HowToSkipTestInTestNG" name="skipTestbyCondition" time="0.016"/>
  <system-out/>
  <testcase classname="ui.HowToSkipTestInTestNG" name="skipTestfourcefully" time="0.002">
    <skipped/>
  </testcase> <!-- skipTestfourcefully -->
  <system-out/>
  <testcase classname="ui.HowToSkipTestInTestNG" name="skipTest">
    <skipped/>
  </testcase> <!-- skipTest -->
  <system-out/>
</testsuite> <!-- ui.HowToSkipTestInTestNG -->
