<?xml version="1.0" encoding="UTF-8"?>
<!-- Generated by org.testng.reporters.JUnitReportReporter -->
<testsuite hostname="DESKTOP-EVOAUGI" failures="0" tests="3" name="ui.BeforeAfterGroupClass" time="0.010" errors="0" timestamp="2022-11-04T06:20:44 EDT" skipped="0">
  <testcase classname="ui.BeforeAfterGroupClass" name="logoutapplication" time="0.001"/>
  <system-out/>
  <testcase classname="ui.BeforeAfterGroupClass" name="loginapplication" time="0.002"/>
  <system-out/>
  <testcase classname="ui.BeforeAfterGroupClass" name="connectDB1" time="0.007"/>
  <system-out/>
</testsuite> <!-- ui.BeforeAfterGroupClass -->
