<?xml version="1.0" encoding="UTF-8"?>
<!-- Generated by org.testng.reporters.JUnitReportReporter -->
<testsuite hostname="DESKTOP-EVOAUGI" failures="0" tests="2" name="ui.LoginTest" time="0.015" errors="0" timestamp="2022-11-02T23:58:17 EDT" skipped="0">
  <testcase classname="ui.LoginTest" name="test1" time="0.012"/>
  <system-out/>
  <testcase classname="ui.LoginTest" name="test2" time="0.003"/>
  <system-out/>
</testsuite> <!-- ui.LoginTest -->
