<?xml version="1.0" encoding="UTF-8"?>
<!-- Generated by org.testng.reporters.JUnitReportReporter -->
<testsuite hostname="DESKTOP-EVOAUGI" failures="0" tests="1" name="ui.VerifyTitleTest2" time="8.365" errors="0" timestamp="2022-11-04T03:03:30 EDT" skipped="0">
  <testcase classname="ui.VerifyTitleTest2" name="titletest" time="8.365"/>
  <system-out/>
</testsuite> <!-- ui.VerifyTitleTest2 -->
