<?xml version="1.0" encoding="UTF-8"?>
<!-- Generated by org.testng.reporters.JUnitReportReporter -->
<testsuite hostname="DESKTOP-EVOAUGI" failures="0" tests="3" name="ui.GroupsDemoTest4" time="0.003" errors="0" timestamp="2022-11-04T06:04:06 EDT" skipped="0">
  <testcase classname="ui.GroupsDemoTest4" name="loginapplication" time="0.001"/>
  <system-out/>
  <testcase classname="ui.GroupsDemoTest4" name="connectDB" time="0.001"/>
  <system-out/>
  <testcase classname="ui.GroupsDemoTest4" name="logoutapplication" time="0.001"/>
  <system-out/>
</testsuite> <!-- ui.GroupsDemoTest4 -->
